[0;34m[INFO][0m Starting automated NFS-CSI migration script
[0;34m[INFO][0m Log file: /mnt/c/Users/ollie/homeops/migration-20250602-224349.log
[1;33m[WARNING][0m DRY RUN MODE - No changes will be made
[0;34m[INFO][0m Checking prerequisites...
[0;32m[SUCCESS][0m Prerequisites check passed
[0;34m[INFO][0m Scanning for applications using democratic-csi storage...
[0;34m[INFO][0m Found: network/technitium (storage: democratic-volsync-nfs)
[0;34m[INFO][0m Found: security/vaultwarden (storage: democratic-volsync-nfs)
[0;34m[INFO][0m Found: media/bazarr (storage: democratic-volsync-nfs)
[0;34m[INFO][0m Found: media/recyclarr (storage: democratic-volsync-nfs)
[0;34m[INFO][0m Found: media/huntarr (storage: democratic-volsync-nfs)
[0;34m[INFO][0m Found: media/spotarr (storage: democratic-volsync-nfs)
[0;34m[INFO][0m Found: media/wizarr (storage: democratic-volsync-nfs)
[0;34m[INFO][0m Found: observability/gatus (storage: democratic-volsync-nfs)
[0;34m[INFO][0m Found: default/atuin (storage: democratic-volsync-nfs)
[0;34m[INFO][0m Found: tools/headlamp (storage: democratic-volsync-nfs)
[0;34m[INFO][0m Found 67 applications to migrate:
[0;34m[INFO][0m   - [0;34m[INFO][0m
[0;34m[INFO][0m   - Scanning
[0;34m[INFO][0m   - for
[0;34m[INFO][0m   - applications
[0;34m[INFO][0m   - using
[0;34m[INFO][0m   - democratic-csi
[0;34m[INFO][0m   - storage...
[0;34m[INFO][0m   - [0;34m[INFO][0m
[0;34m[INFO][0m   - Found:
[0;34m[INFO][0m   - network/technitium
[0;34m[INFO][0m   - (storage:
[0;34m[INFO][0m   - democratic-volsync-nfs)
[0;34m[INFO][0m   - [0;34m[INFO][0m
[0;34m[INFO][0m   - Found:
[0;34m[INFO][0m   - security/vaultwarden
[0;34m[INFO][0m   - (storage:
[0;34m[INFO][0m   - democratic-volsync-nfs)
[0;34m[INFO][0m   - [0;34m[INFO][0m
[0;34m[INFO][0m   - Found:
[0;34m[INFO][0m   - media/bazarr
[0;34m[INFO][0m   - (storage:
[0;34m[INFO][0m   - democratic-volsync-nfs)
[0;34m[INFO][0m   - [0;34m[INFO][0m
[0;34m[INFO][0m   - Found:
[0;34m[INFO][0m   - media/recyclarr
[0;34m[INFO][0m   - (storage:
[0;34m[INFO][0m   - democratic-volsync-nfs)
[0;34m[INFO][0m   - [0;34m[INFO][0m
[0;34m[INFO][0m   - Found:
[0;34m[INFO][0m   - media/huntarr
[0;34m[INFO][0m   - (storage:
[0;34m[INFO][0m   - democratic-volsync-nfs)
[0;34m[INFO][0m   - [0;34m[INFO][0m
[0;34m[INFO][0m   - Found:
[0;34m[INFO][0m   - media/spotarr
[0;34m[INFO][0m   - (storage:
[0;34m[INFO][0m   - democratic-volsync-nfs)
[0;34m[INFO][0m   - [0;34m[INFO][0m
[0;34m[INFO][0m   - Found:
[0;34m[INFO][0m   - media/wizarr
[0;34m[INFO][0m   - (storage:
[0;34m[INFO][0m   - democratic-volsync-nfs)
[0;34m[INFO][0m   - [0;34m[INFO][0m
[0;34m[INFO][0m   - Found:
[0;34m[INFO][0m   - observability/gatus
[0;34m[INFO][0m   - (storage:
[0;34m[INFO][0m   - democratic-volsync-nfs)
[0;34m[INFO][0m   - [0;34m[INFO][0m
[0;34m[INFO][0m   - Found:
[0;34m[INFO][0m   - default/atuin
[0;34m[INFO][0m   - (storage:
[0;34m[INFO][0m   - democratic-volsync-nfs)
[0;34m[INFO][0m   - [0;34m[INFO][0m
[0;34m[INFO][0m   - Found:
[0;34m[INFO][0m   - tools/headlamp
[0;34m[INFO][0m   - (storage:
[0;34m[INFO][0m   - democratic-volsync-nfs)
[0;34m[INFO][0m   - network/technitium
[0;34m[INFO][0m   - security/vaultwarden
[0;34m[INFO][0m   - media/bazarr
[0;34m[INFO][0m   - media/recyclarr
[0;34m[INFO][0m   - media/huntarr
[0;34m[INFO][0m   - media/spotarr
[0;34m[INFO][0m   - media/wizarr
[0;34m[INFO][0m   - observability/gatus
[0;34m[INFO][0m   - default/atuin
[0;34m[INFO][0m   - tools/headlamp
[0;34m[INFO][0m Processing [0;34m[INFO][0m/[0;34m[INFO][0m...
[0;34m[INFO][0m Starting migration of [0;34m[INFO][0m/[0;34m[INFO][0m
[0;34m[INFO][0m Suspending [0;34m[INFO][0m/[0;34m[INFO][0m...
[0;32m[SUCCESS][0m Application [0;34m[INFO][0m/[0;34m[INFO][0m suspended
[0;34m[INFO][0m Updating kustomization for [0;34m[INFO][0m/[0;34m[INFO][0m...
[0;31m[ERROR][0m Kustomization file not found: kubernetes/apps/[0;34m[INFO][0m/[0;34m[INFO][0m/ks.yaml
[0;34m[INFO][0m Creating migration ReplicationDestination for [0;34m[INFO][0m/[0;34m[INFO][0m...
[0;32m[SUCCESS][0m Migration ReplicationDestination completed for [0;34m[INFO][0m/[0;34m[INFO][0m
[0;34m[INFO][0m Recreating PVC for [0;34m[INFO][0m/[0;34m[INFO][0m...
[0;32m[SUCCESS][0m PVC recreated for [0;34m[INFO][0m/[0;34m[INFO][0m
[0;34m[INFO][0m Force reconciling Flux resources for [0;34m[INFO][0m/[0;34m[INFO][0m...
[0;32m[SUCCESS][0m Flux resources reconciled for [0;34m[INFO][0m/[0;34m[INFO][0m
[0;34m[INFO][0m Resuming [0;34m[INFO][0m/[0;34m[INFO][0m...
[0;32m[SUCCESS][0m Application [0;34m[INFO][0m/[0;34m[INFO][0m resumed
[0;34m[INFO][0m Verifying [0;34m[INFO][0m/[0;34m[INFO][0m health...
[0;32m[SUCCESS][0m Migration completed for [0;34m[INFO][0m/[0;34m[INFO][0m
[0;32m[SUCCESS][0m ✅ [0;34m[INFO][0m/[0;34m[INFO][0m migration successful
[0;34m[INFO][0m Processing Scanning/Scanning...
[0;34m[INFO][0m Starting migration of Scanning/Scanning
[0;34m[INFO][0m Suspending Scanning/Scanning...
[0;32m[SUCCESS][0m Application Scanning/Scanning suspended
[0;34m[INFO][0m Updating kustomization for Scanning/Scanning...
[0;31m[ERROR][0m Kustomization file not found: kubernetes/apps/Scanning/Scanning/ks.yaml
[0;34m[INFO][0m Creating migration ReplicationDestination for Scanning/Scanning...
[0;32m[SUCCESS][0m Migration ReplicationDestination completed for Scanning/Scanning
[0;34m[INFO][0m Recreating PVC for Scanning/Scanning...
[0;32m[SUCCESS][0m PVC recreated for Scanning/Scanning
[0;34m[INFO][0m Force reconciling Flux resources for Scanning/Scanning...
[0;32m[SUCCESS][0m Flux resources reconciled for Scanning/Scanning
[0;34m[INFO][0m Resuming Scanning/Scanning...
[0;32m[SUCCESS][0m Application Scanning/Scanning resumed
[0;34m[INFO][0m Verifying Scanning/Scanning health...
[0;32m[SUCCESS][0m Migration completed for Scanning/Scanning
[0;32m[SUCCESS][0m ✅ Scanning/Scanning migration successful
[0;34m[INFO][0m Processing for/for...
[0;34m[INFO][0m Starting migration of for/for
[0;34m[INFO][0m Suspending for/for...
[0;32m[SUCCESS][0m Application for/for suspended
[0;34m[INFO][0m Updating kustomization for for/for...
[0;31m[ERROR][0m Kustomization file not found: kubernetes/apps/for/for/ks.yaml
[0;34m[INFO][0m Creating migration ReplicationDestination for for/for...
[0;32m[SUCCESS][0m Migration ReplicationDestination completed for for/for
[0;34m[INFO][0m Recreating PVC for for/for...
[0;32m[SUCCESS][0m PVC recreated for for/for
[0;34m[INFO][0m Force reconciling Flux resources for for/for...
[0;32m[SUCCESS][0m Flux resources reconciled for for/for
[0;34m[INFO][0m Resuming for/for...
[0;32m[SUCCESS][0m Application for/for resumed
[0;34m[INFO][0m Verifying for/for health...
[0;32m[SUCCESS][0m Migration completed for for/for
[0;32m[SUCCESS][0m ✅ for/for migration successful
[0;34m[INFO][0m Processing applications/applications...
[0;34m[INFO][0m Starting migration of applications/applications
[0;34m[INFO][0m Suspending applications/applications...
[0;32m[SUCCESS][0m Application applications/applications suspended
[0;34m[INFO][0m Updating kustomization for applications/applications...
[0;31m[ERROR][0m Kustomization file not found: kubernetes/apps/applications/applications/ks.yaml
[0;34m[INFO][0m Creating migration ReplicationDestination for applications/applications...
[0;32m[SUCCESS][0m Migration ReplicationDestination completed for applications/applications
[0;34m[INFO][0m Recreating PVC for applications/applications...
[0;32m[SUCCESS][0m PVC recreated for applications/applications
[0;34m[INFO][0m Force reconciling Flux resources for applications/applications...
[0;32m[SUCCESS][0m Flux resources reconciled for applications/applications
[0;34m[INFO][0m Resuming applications/applications...
[0;32m[SUCCESS][0m Application applications/applications resumed
[0;34m[INFO][0m Verifying applications/applications health...
[0;32m[SUCCESS][0m Migration completed for applications/applications
[0;32m[SUCCESS][0m ✅ applications/applications migration successful
[0;34m[INFO][0m Processing using/using...
[0;34m[INFO][0m Starting migration of using/using
[0;34m[INFO][0m Suspending using/using...
[0;32m[SUCCESS][0m Application using/using suspended
[0;34m[INFO][0m Updating kustomization for using/using...
[0;31m[ERROR][0m Kustomization file not found: kubernetes/apps/using/using/ks.yaml
[0;34m[INFO][0m Creating migration ReplicationDestination for using/using...
[0;32m[SUCCESS][0m Migration ReplicationDestination completed for using/using
[0;34m[INFO][0m Recreating PVC for using/using...
[0;32m[SUCCESS][0m PVC recreated for using/using
[0;34m[INFO][0m Force reconciling Flux resources for using/using...
[0;32m[SUCCESS][0m Flux resources reconciled for using/using
[0;34m[INFO][0m Resuming using/using...
[0;32m[SUCCESS][0m Application using/using resumed
[0;34m[INFO][0m Verifying using/using health...
[0;32m[SUCCESS][0m Migration completed for using/using
[0;32m[SUCCESS][0m ✅ using/using migration successful
[0;34m[INFO][0m Processing democratic-csi/democratic-csi...
[0;34m[INFO][0m Starting migration of democratic-csi/democratic-csi
[0;34m[INFO][0m Suspending democratic-csi/democratic-csi...
[0;32m[SUCCESS][0m Application democratic-csi/democratic-csi suspended
[0;34m[INFO][0m Updating kustomization for democratic-csi/democratic-csi...
[0;31m[ERROR][0m Kustomization file not found: kubernetes/apps/democratic-csi/democratic-csi/ks.yaml
[0;34m[INFO][0m Creating migration ReplicationDestination for democratic-csi/democratic-csi...
[0;32m[SUCCESS][0m Migration ReplicationDestination completed for democratic-csi/democratic-csi
[0;34m[INFO][0m Recreating PVC for democratic-csi/democratic-csi...
[0;32m[SUCCESS][0m PVC recreated for democratic-csi/democratic-csi
[0;34m[INFO][0m Force reconciling Flux resources for democratic-csi/democratic-csi...
[0;32m[SUCCESS][0m Flux resources reconciled for democratic-csi/democratic-csi
[0;34m[INFO][0m Resuming democratic-csi/democratic-csi...
[0;32m[SUCCESS][0m Application democratic-csi/democratic-csi resumed
[0;34m[INFO][0m Verifying democratic-csi/democratic-csi health...
[0;32m[SUCCESS][0m Migration completed for democratic-csi/democratic-csi
[0;32m[SUCCESS][0m ✅ democratic-csi/democratic-csi migration successful
[0;34m[INFO][0m Processing storage.../storage......
[0;34m[INFO][0m Starting migration of storage.../storage...
[0;34m[INFO][0m Suspending storage.../storage......
[0;32m[SUCCESS][0m Application storage.../storage... suspended
[0;34m[INFO][0m Updating kustomization for storage.../storage......
[0;31m[ERROR][0m Kustomization file not found: kubernetes/apps/storage.../storage.../ks.yaml
[0;34m[INFO][0m Creating migration ReplicationDestination for storage.../storage......
[0;32m[SUCCESS][0m Migration ReplicationDestination completed for storage.../storage...
[0;34m[INFO][0m Recreating PVC for storage.../storage......
[0;32m[SUCCESS][0m PVC recreated for storage.../storage...
[0;34m[INFO][0m Force reconciling Flux resources for storage.../storage......
[0;32m[SUCCESS][0m Flux resources reconciled for storage.../storage...
[0;34m[INFO][0m Resuming storage.../storage......
[0;32m[SUCCESS][0m Application storage.../storage... resumed
[0;34m[INFO][0m Verifying storage.../storage... health...
[0;32m[SUCCESS][0m Migration completed for storage.../storage...
[0;32m[SUCCESS][0m ✅ storage.../storage... migration successful
[0;34m[INFO][0m Processing [0;34m[INFO][0m/[0;34m[INFO][0m...
[0;34m[INFO][0m Starting migration of [0;34m[INFO][0m/[0;34m[INFO][0m
[0;34m[INFO][0m Suspending [0;34m[INFO][0m/[0;34m[INFO][0m...
[0;32m[SUCCESS][0m Application [0;34m[INFO][0m/[0;34m[INFO][0m suspended
[0;34m[INFO][0m Updating kustomization for [0;34m[INFO][0m/[0;34m[INFO][0m...
[0;31m[ERROR][0m Kustomization file not found: kubernetes/apps/[0;34m[INFO][0m/[0;34m[INFO][0m/ks.yaml
[0;34m[INFO][0m Creating migration ReplicationDestination for [0;34m[INFO][0m/[0;34m[INFO][0m...
[0;32m[SUCCESS][0m Migration ReplicationDestination completed for [0;34m[INFO][0m/[0;34m[INFO][0m
[0;34m[INFO][0m Recreating PVC for [0;34m[INFO][0m/[0;34m[INFO][0m...
[0;32m[SUCCESS][0m PVC recreated for [0;34m[INFO][0m/[0;34m[INFO][0m
[0;34m[INFO][0m Force reconciling Flux resources for [0;34m[INFO][0m/[0;34m[INFO][0m...
[0;32m[SUCCESS][0m Flux resources reconciled for [0;34m[INFO][0m/[0;34m[INFO][0m
[0;34m[INFO][0m Resuming [0;34m[INFO][0m/[0;34m[INFO][0m...
[0;32m[SUCCESS][0m Application [0;34m[INFO][0m/[0;34m[INFO][0m resumed
[0;34m[INFO][0m Verifying [0;34m[INFO][0m/[0;34m[INFO][0m health...
[0;32m[SUCCESS][0m Migration completed for [0;34m[INFO][0m/[0;34m[INFO][0m
[0;32m[SUCCESS][0m ✅ [0;34m[INFO][0m/[0;34m[INFO][0m migration successful
[0;34m[INFO][0m Processing Found:/Found:...
[0;34m[INFO][0m Starting migration of Found:/Found:
[0;34m[INFO][0m Suspending Found:/Found:...
[0;32m[SUCCESS][0m Application Found:/Found: suspended
[0;34m[INFO][0m Updating kustomization for Found:/Found:...
[0;31m[ERROR][0m Kustomization file not found: kubernetes/apps/Found:/Found:/ks.yaml
[0;34m[INFO][0m Creating migration ReplicationDestination for Found:/Found:...
[0;32m[SUCCESS][0m Migration ReplicationDestination completed for Found:/Found:
[0;34m[INFO][0m Recreating PVC for Found:/Found:...
[0;32m[SUCCESS][0m PVC recreated for Found:/Found:
[0;34m[INFO][0m Force reconciling Flux resources for Found:/Found:...
[0;32m[SUCCESS][0m Flux resources reconciled for Found:/Found:
[0;34m[INFO][0m Resuming Found:/Found:...
[0;32m[SUCCESS][0m Application Found:/Found: resumed
[0;34m[INFO][0m Verifying Found:/Found: health...
[0;32m[SUCCESS][0m Migration completed for Found:/Found:
[0;32m[SUCCESS][0m ✅ Found:/Found: migration successful
[0;34m[INFO][0m Processing network/technitium...
[0;34m[INFO][0m Starting migration of network/technitium
[0;34m[INFO][0m Suspending network/technitium...
[0;34m[INFO][0m ReplicationSource suspended
[0;34m[INFO][0m HelmRelease suspended
[0;32m[SUCCESS][0m Application network/technitium suspended
[0;34m[INFO][0m Updating kustomization for network/technitium...
[0;32m[SUCCESS][0m Kustomization updated for network/technitium
[0;34m[INFO][0m Creating migration ReplicationDestination for network/technitium...
[0;32m[SUCCESS][0m Migration ReplicationDestination completed for network/technitium
[0;34m[INFO][0m Recreating PVC for network/technitium...
[0;32m[SUCCESS][0m PVC recreated for network/technitium
[0;34m[INFO][0m Force reconciling Flux resources for network/technitium...
[0;32m[SUCCESS][0m Flux resources reconciled for network/technitium
[0;34m[INFO][0m Resuming network/technitium...
[0;32m[SUCCESS][0m Application network/technitium resumed
[0;34m[INFO][0m Verifying network/technitium health...
[0;32m[SUCCESS][0m Migration completed for network/technitium
[0;32m[SUCCESS][0m ✅ network/technitium migration successful
[0;34m[INFO][0m Processing (storage:/(storage:...
[0;34m[INFO][0m Starting migration of (storage:/(storage:
[0;34m[INFO][0m Suspending (storage:/(storage:...
[0;32m[SUCCESS][0m Application (storage:/(storage: suspended
[0;34m[INFO][0m Updating kustomization for (storage:/(storage:...
[0;31m[ERROR][0m Kustomization file not found: kubernetes/apps/(storage:/(storage:/ks.yaml
[0;34m[INFO][0m Creating migration ReplicationDestination for (storage:/(storage:...
[0;32m[SUCCESS][0m Migration ReplicationDestination completed for (storage:/(storage:
[0;34m[INFO][0m Recreating PVC for (storage:/(storage:...
[0;32m[SUCCESS][0m PVC recreated for (storage:/(storage:
[0;34m[INFO][0m Force reconciling Flux resources for (storage:/(storage:...
[0;32m[SUCCESS][0m Flux resources reconciled for (storage:/(storage:
[0;34m[INFO][0m Resuming (storage:/(storage:...
[0;32m[SUCCESS][0m Application (storage:/(storage: resumed
[0;34m[INFO][0m Verifying (storage:/(storage: health...
[0;32m[SUCCESS][0m Migration completed for (storage:/(storage:
[0;32m[SUCCESS][0m ✅ (storage:/(storage: migration successful
[0;34m[INFO][0m Processing democratic-volsync-nfs)/democratic-volsync-nfs)...
[0;34m[INFO][0m Starting migration of democratic-volsync-nfs)/democratic-volsync-nfs)
[0;34m[INFO][0m Suspending democratic-volsync-nfs)/democratic-volsync-nfs)...
[0;32m[SUCCESS][0m Application democratic-volsync-nfs)/democratic-volsync-nfs) suspended
[0;34m[INFO][0m Updating kustomization for democratic-volsync-nfs)/democratic-volsync-nfs)...
[0;31m[ERROR][0m Kustomization file not found: kubernetes/apps/democratic-volsync-nfs)/democratic-volsync-nfs)/ks.yaml
[0;34m[INFO][0m Creating migration ReplicationDestination for democratic-volsync-nfs)/democratic-volsync-nfs)...
[0;32m[SUCCESS][0m Migration ReplicationDestination completed for democratic-volsync-nfs)/democratic-volsync-nfs)
[0;34m[INFO][0m Recreating PVC for democratic-volsync-nfs)/democratic-volsync-nfs)...
[0;32m[SUCCESS][0m PVC recreated for democratic-volsync-nfs)/democratic-volsync-nfs)
[0;34m[INFO][0m Force reconciling Flux resources for democratic-volsync-nfs)/democratic-volsync-nfs)...
[0;32m[SUCCESS][0m Flux resources reconciled for democratic-volsync-nfs)/democratic-volsync-nfs)
[0;34m[INFO][0m Resuming democratic-volsync-nfs)/democratic-volsync-nfs)...
[0;32m[SUCCESS][0m Application democratic-volsync-nfs)/democratic-volsync-nfs) resumed
[0;34m[INFO][0m Verifying democratic-volsync-nfs)/democratic-volsync-nfs) health...
[0;32m[SUCCESS][0m Migration completed for democratic-volsync-nfs)/democratic-volsync-nfs)
[0;32m[SUCCESS][0m ✅ democratic-volsync-nfs)/democratic-volsync-nfs) migration successful
[0;34m[INFO][0m Processing [0;34m[INFO][0m/[0;34m[INFO][0m...
[0;34m[INFO][0m Starting migration of [0;34m[INFO][0m/[0;34m[INFO][0m
[0;34m[INFO][0m Suspending [0;34m[INFO][0m/[0;34m[INFO][0m...
[0;32m[SUCCESS][0m Application [0;34m[INFO][0m/[0;34m[INFO][0m suspended
[0;34m[INFO][0m Updating kustomization for [0;34m[INFO][0m/[0;34m[INFO][0m...
[0;31m[ERROR][0m Kustomization file not found: kubernetes/apps/[0;34m[INFO][0m/[0;34m[INFO][0m/ks.yaml
[0;34m[INFO][0m Creating migration ReplicationDestination for [0;34m[INFO][0m/[0;34m[INFO][0m...
[0;32m[SUCCESS][0m Migration ReplicationDestination completed for [0;34m[INFO][0m/[0;34m[INFO][0m
[0;34m[INFO][0m Recreating PVC for [0;34m[INFO][0m/[0;34m[INFO][0m...
[0;32m[SUCCESS][0m PVC recreated for [0;34m[INFO][0m/[0;34m[INFO][0m
[0;34m[INFO][0m Force reconciling Flux resources for [0;34m[INFO][0m/[0;34m[INFO][0m...
[0;32m[SUCCESS][0m Flux resources reconciled for [0;34m[INFO][0m/[0;34m[INFO][0m
[0;34m[INFO][0m Resuming [0;34m[INFO][0m/[0;34m[INFO][0m...
[0;32m[SUCCESS][0m Application [0;34m[INFO][0m/[0;34m[INFO][0m resumed
[0;34m[INFO][0m Verifying [0;34m[INFO][0m/[0;34m[INFO][0m health...
[0;32m[SUCCESS][0m Migration completed for [0;34m[INFO][0m/[0;34m[INFO][0m
[0;32m[SUCCESS][0m ✅ [0;34m[INFO][0m/[0;34m[INFO][0m migration successful
[0;34m[INFO][0m Processing Found:/Found:...
[0;34m[INFO][0m Starting migration of Found:/Found:
[0;34m[INFO][0m Suspending Found:/Found:...
[0;32m[SUCCESS][0m Application Found:/Found: suspended
[0;34m[INFO][0m Updating kustomization for Found:/Found:...
[0;31m[ERROR][0m Kustomization file not found: kubernetes/apps/Found:/Found:/ks.yaml
[0;34m[INFO][0m Creating migration ReplicationDestination for Found:/Found:...
[0;32m[SUCCESS][0m Migration ReplicationDestination completed for Found:/Found:
[0;34m[INFO][0m Recreating PVC for Found:/Found:...
[0;32m[SUCCESS][0m PVC recreated for Found:/Found:
[0;34m[INFO][0m Force reconciling Flux resources for Found:/Found:...
[0;32m[SUCCESS][0m Flux resources reconciled for Found:/Found:
[0;34m[INFO][0m Resuming Found:/Found:...
[0;32m[SUCCESS][0m Application Found:/Found: resumed
[0;34m[INFO][0m Verifying Found:/Found: health...
[0;32m[SUCCESS][0m Migration completed for Found:/Found:
[0;32m[SUCCESS][0m ✅ Found:/Found: migration successful
[0;34m[INFO][0m Processing security/vaultwarden...
[0;34m[INFO][0m Starting migration of security/vaultwarden
[0;34m[INFO][0m Suspending security/vaultwarden...
[0;34m[INFO][0m ReplicationSource suspended
[0;34m[INFO][0m HelmRelease suspended
[0;32m[SUCCESS][0m Application security/vaultwarden suspended
[0;34m[INFO][0m Updating kustomization for security/vaultwarden...
[0;32m[SUCCESS][0m Kustomization updated for security/vaultwarden
[0;34m[INFO][0m Creating migration ReplicationDestination for security/vaultwarden...
[0;32m[SUCCESS][0m Migration ReplicationDestination completed for security/vaultwarden
[0;34m[INFO][0m Recreating PVC for security/vaultwarden...
[0;32m[SUCCESS][0m PVC recreated for security/vaultwarden
[0;34m[INFO][0m Force reconciling Flux resources for security/vaultwarden...
[0;32m[SUCCESS][0m Flux resources reconciled for security/vaultwarden
[0;34m[INFO][0m Resuming security/vaultwarden...
[0;32m[SUCCESS][0m Application security/vaultwarden resumed
[0;34m[INFO][0m Verifying security/vaultwarden health...
[0;32m[SUCCESS][0m Migration completed for security/vaultwarden
[0;32m[SUCCESS][0m ✅ security/vaultwarden migration successful
[0;34m[INFO][0m Processing (storage:/(storage:...
[0;34m[INFO][0m Starting migration of (storage:/(storage:
[0;34m[INFO][0m Suspending (storage:/(storage:...
[0;32m[SUCCESS][0m Application (storage:/(storage: suspended
[0;34m[INFO][0m Updating kustomization for (storage:/(storage:...
[0;31m[ERROR][0m Kustomization file not found: kubernetes/apps/(storage:/(storage:/ks.yaml
[0;34m[INFO][0m Creating migration ReplicationDestination for (storage:/(storage:...
[0;32m[SUCCESS][0m Migration ReplicationDestination completed for (storage:/(storage:
[0;34m[INFO][0m Recreating PVC for (storage:/(storage:...
[0;32m[SUCCESS][0m PVC recreated for (storage:/(storage:
[0;34m[INFO][0m Force reconciling Flux resources for (storage:/(storage:...
[0;32m[SUCCESS][0m Flux resources reconciled for (storage:/(storage:
[0;34m[INFO][0m Resuming (storage:/(storage:...
[0;32m[SUCCESS][0m Application (storage:/(storage: resumed
[0;34m[INFO][0m Verifying (storage:/(storage: health...
[0;32m[SUCCESS][0m Migration completed for (storage:/(storage:
[0;32m[SUCCESS][0m ✅ (storage:/(storage: migration successful
[0;34m[INFO][0m Processing democratic-volsync-nfs)/democratic-volsync-nfs)...
[0;34m[INFO][0m Starting migration of democratic-volsync-nfs)/democratic-volsync-nfs)
[0;34m[INFO][0m Suspending democratic-volsync-nfs)/democratic-volsync-nfs)...
[0;32m[SUCCESS][0m Application democratic-volsync-nfs)/democratic-volsync-nfs) suspended
[0;34m[INFO][0m Updating kustomization for democratic-volsync-nfs)/democratic-volsync-nfs)...
[0;31m[ERROR][0m Kustomization file not found: kubernetes/apps/democratic-volsync-nfs)/democratic-volsync-nfs)/ks.yaml
[0;34m[INFO][0m Creating migration ReplicationDestination for democratic-volsync-nfs)/democratic-volsync-nfs)...
[0;32m[SUCCESS][0m Migration ReplicationDestination completed for democratic-volsync-nfs)/democratic-volsync-nfs)
[0;34m[INFO][0m Recreating PVC for democratic-volsync-nfs)/democratic-volsync-nfs)...
[0;32m[SUCCESS][0m PVC recreated for democratic-volsync-nfs)/democratic-volsync-nfs)
[0;34m[INFO][0m Force reconciling Flux resources for democratic-volsync-nfs)/democratic-volsync-nfs)...
[0;32m[SUCCESS][0m Flux resources reconciled for democratic-volsync-nfs)/democratic-volsync-nfs)
[0;34m[INFO][0m Resuming democratic-volsync-nfs)/democratic-volsync-nfs)...
[0;32m[SUCCESS][0m Application democratic-volsync-nfs)/democratic-volsync-nfs) resumed
[0;34m[INFO][0m Verifying democratic-volsync-nfs)/democratic-volsync-nfs) health...
[0;32m[SUCCESS][0m Migration completed for democratic-volsync-nfs)/democratic-volsync-nfs)
[0;32m[SUCCESS][0m ✅ democratic-volsync-nfs)/democratic-volsync-nfs) migration successful
[0;34m[INFO][0m Processing [0;34m[INFO][0m/[0;34m[INFO][0m...
[0;34m[INFO][0m Starting migration of [0;34m[INFO][0m/[0;34m[INFO][0m
[0;34m[INFO][0m Suspending [0;34m[INFO][0m/[0;34m[INFO][0m...
[0;32m[SUCCESS][0m Application [0;34m[INFO][0m/[0;34m[INFO][0m suspended
[0;34m[INFO][0m Updating kustomization for [0;34m[INFO][0m/[0;34m[INFO][0m...
[0;31m[ERROR][0m Kustomization file not found: kubernetes/apps/[0;34m[INFO][0m/[0;34m[INFO][0m/ks.yaml
[0;34m[INFO][0m Creating migration ReplicationDestination for [0;34m[INFO][0m/[0;34m[INFO][0m...
[0;32m[SUCCESS][0m Migration ReplicationDestination completed for [0;34m[INFO][0m/[0;34m[INFO][0m
[0;34m[INFO][0m Recreating PVC for [0;34m[INFO][0m/[0;34m[INFO][0m...
[0;32m[SUCCESS][0m PVC recreated for [0;34m[INFO][0m/[0;34m[INFO][0m
[0;34m[INFO][0m Force reconciling Flux resources for [0;34m[INFO][0m/[0;34m[INFO][0m...
[0;32m[SUCCESS][0m Flux resources reconciled for [0;34m[INFO][0m/[0;34m[INFO][0m
[0;34m[INFO][0m Resuming [0;34m[INFO][0m/[0;34m[INFO][0m...
[0;32m[SUCCESS][0m Application [0;34m[INFO][0m/[0;34m[INFO][0m resumed
[0;34m[INFO][0m Verifying [0;34m[INFO][0m/[0;34m[INFO][0m health...
[0;32m[SUCCESS][0m Migration completed for [0;34m[INFO][0m/[0;34m[INFO][0m
[0;32m[SUCCESS][0m ✅ [0;34m[INFO][0m/[0;34m[INFO][0m migration successful
[0;34m[INFO][0m Processing Found:/Found:...
[0;34m[INFO][0m Starting migration of Found:/Found:
[0;34m[INFO][0m Suspending Found:/Found:...
[0;32m[SUCCESS][0m Application Found:/Found: suspended
[0;34m[INFO][0m Updating kustomization for Found:/Found:...
[0;31m[ERROR][0m Kustomization file not found: kubernetes/apps/Found:/Found:/ks.yaml
[0;34m[INFO][0m Creating migration ReplicationDestination for Found:/Found:...
[0;32m[SUCCESS][0m Migration ReplicationDestination completed for Found:/Found:
[0;34m[INFO][0m Recreating PVC for Found:/Found:...
[0;32m[SUCCESS][0m PVC recreated for Found:/Found:
[0;34m[INFO][0m Force reconciling Flux resources for Found:/Found:...
[0;32m[SUCCESS][0m Flux resources reconciled for Found:/Found:
[0;34m[INFO][0m Resuming Found:/Found:...
[0;32m[SUCCESS][0m Application Found:/Found: resumed
[0;34m[INFO][0m Verifying Found:/Found: health...
[0;32m[SUCCESS][0m Migration completed for Found:/Found:
[0;32m[SUCCESS][0m ✅ Found:/Found: migration successful
[0;34m[INFO][0m Processing media/bazarr...
[0;34m[INFO][0m Starting migration of media/bazarr
[0;34m[INFO][0m Suspending media/bazarr...
[0;34m[INFO][0m ReplicationSource suspended
[0;34m[INFO][0m HelmRelease suspended
[0;32m[SUCCESS][0m Application media/bazarr suspended
[0;34m[INFO][0m Updating kustomization for media/bazarr...
[0;32m[SUCCESS][0m Kustomization updated for media/bazarr
[0;34m[INFO][0m Creating migration ReplicationDestination for media/bazarr...
[0;32m[SUCCESS][0m Migration ReplicationDestination completed for media/bazarr
[0;34m[INFO][0m Recreating PVC for media/bazarr...
[0;32m[SUCCESS][0m PVC recreated for media/bazarr
[0;34m[INFO][0m Force reconciling Flux resources for media/bazarr...
[0;32m[SUCCESS][0m Flux resources reconciled for media/bazarr
[0;34m[INFO][0m Resuming media/bazarr...
[0;32m[SUCCESS][0m Application media/bazarr resumed
[0;34m[INFO][0m Verifying media/bazarr health...
[0;32m[SUCCESS][0m Migration completed for media/bazarr
[0;32m[SUCCESS][0m ✅ media/bazarr migration successful
[0;34m[INFO][0m Processing (storage:/(storage:...
[0;34m[INFO][0m Starting migration of (storage:/(storage:
[0;34m[INFO][0m Suspending (storage:/(storage:...
[0;32m[SUCCESS][0m Application (storage:/(storage: suspended
[0;34m[INFO][0m Updating kustomization for (storage:/(storage:...
[0;31m[ERROR][0m Kustomization file not found: kubernetes/apps/(storage:/(storage:/ks.yaml
[0;34m[INFO][0m Creating migration ReplicationDestination for (storage:/(storage:...
[0;32m[SUCCESS][0m Migration ReplicationDestination completed for (storage:/(storage:
[0;34m[INFO][0m Recreating PVC for (storage:/(storage:...
[0;32m[SUCCESS][0m PVC recreated for (storage:/(storage:
[0;34m[INFO][0m Force reconciling Flux resources for (storage:/(storage:...
[0;32m[SUCCESS][0m Flux resources reconciled for (storage:/(storage:
[0;34m[INFO][0m Resuming (storage:/(storage:...
[0;32m[SUCCESS][0m Application (storage:/(storage: resumed
[0;34m[INFO][0m Verifying (storage:/(storage: health...
[0;32m[SUCCESS][0m Migration completed for (storage:/(storage:
[0;32m[SUCCESS][0m ✅ (storage:/(storage: migration successful
[0;34m[INFO][0m Processing democratic-volsync-nfs)/democratic-volsync-nfs)...
[0;34m[INFO][0m Starting migration of democratic-volsync-nfs)/democratic-volsync-nfs)
[0;34m[INFO][0m Suspending democratic-volsync-nfs)/democratic-volsync-nfs)...
[0;32m[SUCCESS][0m Application democratic-volsync-nfs)/democratic-volsync-nfs) suspended
[0;34m[INFO][0m Updating kustomization for democratic-volsync-nfs)/democratic-volsync-nfs)...
[0;31m[ERROR][0m Kustomization file not found: kubernetes/apps/democratic-volsync-nfs)/democratic-volsync-nfs)/ks.yaml
[0;34m[INFO][0m Creating migration ReplicationDestination for democratic-volsync-nfs)/democratic-volsync-nfs)...
[0;32m[SUCCESS][0m Migration ReplicationDestination completed for democratic-volsync-nfs)/democratic-volsync-nfs)
[0;34m[INFO][0m Recreating PVC for democratic-volsync-nfs)/democratic-volsync-nfs)...
[0;32m[SUCCESS][0m PVC recreated for democratic-volsync-nfs)/democratic-volsync-nfs)
[0;34m[INFO][0m Force reconciling Flux resources for democratic-volsync-nfs)/democratic-volsync-nfs)...
[0;32m[SUCCESS][0m Flux resources reconciled for democratic-volsync-nfs)/democratic-volsync-nfs)
[0;34m[INFO][0m Resuming democratic-volsync-nfs)/democratic-volsync-nfs)...
[0;32m[SUCCESS][0m Application democratic-volsync-nfs)/democratic-volsync-nfs) resumed
[0;34m[INFO][0m Verifying democratic-volsync-nfs)/democratic-volsync-nfs) health...
[0;32m[SUCCESS][0m Migration completed for democratic-volsync-nfs)/democratic-volsync-nfs)
[0;32m[SUCCESS][0m ✅ democratic-volsync-nfs)/democratic-volsync-nfs) migration successful
[0;34m[INFO][0m Processing [0;34m[INFO][0m/[0;34m[INFO][0m...
[0;34m[INFO][0m Starting migration of [0;34m[INFO][0m/[0;34m[INFO][0m
[0;34m[INFO][0m Suspending [0;34m[INFO][0m/[0;34m[INFO][0m...
[0;32m[SUCCESS][0m Application [0;34m[INFO][0m/[0;34m[INFO][0m suspended
[0;34m[INFO][0m Updating kustomization for [0;34m[INFO][0m/[0;34m[INFO][0m...
[0;31m[ERROR][0m Kustomization file not found: kubernetes/apps/[0;34m[INFO][0m/[0;34m[INFO][0m/ks.yaml
[0;34m[INFO][0m Creating migration ReplicationDestination for [0;34m[INFO][0m/[0;34m[INFO][0m...
[0;32m[SUCCESS][0m Migration ReplicationDestination completed for [0;34m[INFO][0m/[0;34m[INFO][0m
[0;34m[INFO][0m Recreating PVC for [0;34m[INFO][0m/[0;34m[INFO][0m...
[0;32m[SUCCESS][0m PVC recreated for [0;34m[INFO][0m/[0;34m[INFO][0m
[0;34m[INFO][0m Force reconciling Flux resources for [0;34m[INFO][0m/[0;34m[INFO][0m...
[0;32m[SUCCESS][0m Flux resources reconciled for [0;34m[INFO][0m/[0;34m[INFO][0m
[0;34m[INFO][0m Resuming [0;34m[INFO][0m/[0;34m[INFO][0m...
[0;32m[SUCCESS][0m Application [0;34m[INFO][0m/[0;34m[INFO][0m resumed
[0;34m[INFO][0m Verifying [0;34m[INFO][0m/[0;34m[INFO][0m health...
[0;32m[SUCCESS][0m Migration completed for [0;34m[INFO][0m/[0;34m[INFO][0m
[0;32m[SUCCESS][0m ✅ [0;34m[INFO][0m/[0;34m[INFO][0m migration successful
[0;34m[INFO][0m Processing Found:/Found:...
[0;34m[INFO][0m Starting migration of Found:/Found:
[0;34m[INFO][0m Suspending Found:/Found:...
[0;32m[SUCCESS][0m Application Found:/Found: suspended
[0;34m[INFO][0m Updating kustomization for Found:/Found:...
[0;31m[ERROR][0m Kustomization file not found: kubernetes/apps/Found:/Found:/ks.yaml
[0;34m[INFO][0m Creating migration ReplicationDestination for Found:/Found:...
[0;32m[SUCCESS][0m Migration ReplicationDestination completed for Found:/Found:
[0;34m[INFO][0m Recreating PVC for Found:/Found:...
[0;32m[SUCCESS][0m PVC recreated for Found:/Found:
[0;34m[INFO][0m Force reconciling Flux resources for Found:/Found:...
[0;32m[SUCCESS][0m Flux resources reconciled for Found:/Found:
[0;34m[INFO][0m Resuming Found:/Found:...
[0;32m[SUCCESS][0m Application Found:/Found: resumed
[0;34m[INFO][0m Verifying Found:/Found: health...
[0;32m[SUCCESS][0m Migration completed for Found:/Found:
[0;32m[SUCCESS][0m ✅ Found:/Found: migration successful
[0;34m[INFO][0m Processing media/recyclarr...
[0;34m[INFO][0m Starting migration of media/recyclarr
[0;34m[INFO][0m Suspending media/recyclarr...
[0;34m[INFO][0m ReplicationSource suspended
[0;34m[INFO][0m HelmRelease suspended
[0;32m[SUCCESS][0m Application media/recyclarr suspended
[0;34m[INFO][0m Updating kustomization for media/recyclarr...
[0;32m[SUCCESS][0m Kustomization updated for media/recyclarr
[0;34m[INFO][0m Creating migration ReplicationDestination for media/recyclarr...
[0;32m[SUCCESS][0m Migration ReplicationDestination completed for media/recyclarr
[0;34m[INFO][0m Recreating PVC for media/recyclarr...
[0;32m[SUCCESS][0m PVC recreated for media/recyclarr
[0;34m[INFO][0m Force reconciling Flux resources for media/recyclarr...
[0;32m[SUCCESS][0m Flux resources reconciled for media/recyclarr
[0;34m[INFO][0m Resuming media/recyclarr...
[0;32m[SUCCESS][0m Application media/recyclarr resumed
[0;34m[INFO][0m Verifying media/recyclarr health...
[0;32m[SUCCESS][0m Migration completed for media/recyclarr
[0;32m[SUCCESS][0m ✅ media/recyclarr migration successful
[0;34m[INFO][0m Processing (storage:/(storage:...
[0;34m[INFO][0m Starting migration of (storage:/(storage:
[0;34m[INFO][0m Suspending (storage:/(storage:...
[0;32m[SUCCESS][0m Application (storage:/(storage: suspended
[0;34m[INFO][0m Updating kustomization for (storage:/(storage:...
[0;31m[ERROR][0m Kustomization file not found: kubernetes/apps/(storage:/(storage:/ks.yaml
[0;34m[INFO][0m Creating migration ReplicationDestination for (storage:/(storage:...
[0;32m[SUCCESS][0m Migration ReplicationDestination completed for (storage:/(storage:
[0;34m[INFO][0m Recreating PVC for (storage:/(storage:...
[0;32m[SUCCESS][0m PVC recreated for (storage:/(storage:
[0;34m[INFO][0m Force reconciling Flux resources for (storage:/(storage:...
[0;32m[SUCCESS][0m Flux resources reconciled for (storage:/(storage:
[0;34m[INFO][0m Resuming (storage:/(storage:...
[0;32m[SUCCESS][0m Application (storage:/(storage: resumed
[0;34m[INFO][0m Verifying (storage:/(storage: health...
[0;32m[SUCCESS][0m Migration completed for (storage:/(storage:
[0;32m[SUCCESS][0m ✅ (storage:/(storage: migration successful
[0;34m[INFO][0m Processing democratic-volsync-nfs)/democratic-volsync-nfs)...
[0;34m[INFO][0m Starting migration of democratic-volsync-nfs)/democratic-volsync-nfs)
[0;34m[INFO][0m Suspending democratic-volsync-nfs)/democratic-volsync-nfs)...
[0;32m[SUCCESS][0m Application democratic-volsync-nfs)/democratic-volsync-nfs) suspended
[0;34m[INFO][0m Updating kustomization for democratic-volsync-nfs)/democratic-volsync-nfs)...
[0;31m[ERROR][0m Kustomization file not found: kubernetes/apps/democratic-volsync-nfs)/democratic-volsync-nfs)/ks.yaml
[0;34m[INFO][0m Creating migration ReplicationDestination for democratic-volsync-nfs)/democratic-volsync-nfs)...
[0;32m[SUCCESS][0m Migration ReplicationDestination completed for democratic-volsync-nfs)/democratic-volsync-nfs)
[0;34m[INFO][0m Recreating PVC for democratic-volsync-nfs)/democratic-volsync-nfs)...
[0;32m[SUCCESS][0m PVC recreated for democratic-volsync-nfs)/democratic-volsync-nfs)
[0;34m[INFO][0m Force reconciling Flux resources for democratic-volsync-nfs)/democratic-volsync-nfs)...
[0;32m[SUCCESS][0m Flux resources reconciled for democratic-volsync-nfs)/democratic-volsync-nfs)
[0;34m[INFO][0m Resuming democratic-volsync-nfs)/democratic-volsync-nfs)...
[0;32m[SUCCESS][0m Application democratic-volsync-nfs)/democratic-volsync-nfs) resumed
[0;34m[INFO][0m Verifying democratic-volsync-nfs)/democratic-volsync-nfs) health...
[0;32m[SUCCESS][0m Migration completed for democratic-volsync-nfs)/democratic-volsync-nfs)
[0;32m[SUCCESS][0m ✅ democratic-volsync-nfs)/democratic-volsync-nfs) migration successful
[0;34m[INFO][0m Processing [0;34m[INFO][0m/[0;34m[INFO][0m...
[0;34m[INFO][0m Starting migration of [0;34m[INFO][0m/[0;34m[INFO][0m
[0;34m[INFO][0m Suspending [0;34m[INFO][0m/[0;34m[INFO][0m...
[0;32m[SUCCESS][0m Application [0;34m[INFO][0m/[0;34m[INFO][0m suspended
[0;34m[INFO][0m Updating kustomization for [0;34m[INFO][0m/[0;34m[INFO][0m...
[0;31m[ERROR][0m Kustomization file not found: kubernetes/apps/[0;34m[INFO][0m/[0;34m[INFO][0m/ks.yaml
[0;34m[INFO][0m Creating migration ReplicationDestination for [0;34m[INFO][0m/[0;34m[INFO][0m...
[0;32m[SUCCESS][0m Migration ReplicationDestination completed for [0;34m[INFO][0m/[0;34m[INFO][0m
[0;34m[INFO][0m Recreating PVC for [0;34m[INFO][0m/[0;34m[INFO][0m...
[0;32m[SUCCESS][0m PVC recreated for [0;34m[INFO][0m/[0;34m[INFO][0m
[0;34m[INFO][0m Force reconciling Flux resources for [0;34m[INFO][0m/[0;34m[INFO][0m...
[0;32m[SUCCESS][0m Flux resources reconciled for [0;34m[INFO][0m/[0;34m[INFO][0m
[0;34m[INFO][0m Resuming [0;34m[INFO][0m/[0;34m[INFO][0m...
[0;32m[SUCCESS][0m Application [0;34m[INFO][0m/[0;34m[INFO][0m resumed
[0;34m[INFO][0m Verifying [0;34m[INFO][0m/[0;34m[INFO][0m health...
[0;32m[SUCCESS][0m Migration completed for [0;34m[INFO][0m/[0;34m[INFO][0m
[0;32m[SUCCESS][0m ✅ [0;34m[INFO][0m/[0;34m[INFO][0m migration successful
[0;34m[INFO][0m Processing Found:/Found:...
[0;34m[INFO][0m Starting migration of Found:/Found:
[0;34m[INFO][0m Suspending Found:/Found:...
[0;32m[SUCCESS][0m Application Found:/Found: suspended
[0;34m[INFO][0m Updating kustomization for Found:/Found:...
[0;31m[ERROR][0m Kustomization file not found: kubernetes/apps/Found:/Found:/ks.yaml
[0;34m[INFO][0m Creating migration ReplicationDestination for Found:/Found:...
[0;32m[SUCCESS][0m Migration ReplicationDestination completed for Found:/Found:
[0;34m[INFO][0m Recreating PVC for Found:/Found:...
[0;32m[SUCCESS][0m PVC recreated for Found:/Found:
[0;34m[INFO][0m Force reconciling Flux resources for Found:/Found:...
[0;32m[SUCCESS][0m Flux resources reconciled for Found:/Found:
[0;34m[INFO][0m Resuming Found:/Found:...
[0;32m[SUCCESS][0m Application Found:/Found: resumed
[0;34m[INFO][0m Verifying Found:/Found: health...
[0;32m[SUCCESS][0m Migration completed for Found:/Found:
[0;32m[SUCCESS][0m ✅ Found:/Found: migration successful
[0;34m[INFO][0m Processing media/huntarr...
[0;34m[INFO][0m Starting migration of media/huntarr
[0;34m[INFO][0m Suspending media/huntarr...
[0;34m[INFO][0m ReplicationSource suspended
[0;34m[INFO][0m HelmRelease suspended
[0;32m[SUCCESS][0m Application media/huntarr suspended
[0;34m[INFO][0m Updating kustomization for media/huntarr...
[0;32m[SUCCESS][0m Kustomization updated for media/huntarr
[0;34m[INFO][0m Creating migration ReplicationDestination for media/huntarr...
[0;32m[SUCCESS][0m Migration ReplicationDestination completed for media/huntarr
[0;34m[INFO][0m Recreating PVC for media/huntarr...
[0;32m[SUCCESS][0m PVC recreated for media/huntarr
[0;34m[INFO][0m Force reconciling Flux resources for media/huntarr...
[0;32m[SUCCESS][0m Flux resources reconciled for media/huntarr
[0;34m[INFO][0m Resuming media/huntarr...
[0;32m[SUCCESS][0m Application media/huntarr resumed
[0;34m[INFO][0m Verifying media/huntarr health...
[0;32m[SUCCESS][0m Migration completed for media/huntarr
[0;32m[SUCCESS][0m ✅ media/huntarr migration successful
[0;34m[INFO][0m Processing (storage:/(storage:...
[0;34m[INFO][0m Starting migration of (storage:/(storage:
[0;34m[INFO][0m Suspending (storage:/(storage:...
[0;32m[SUCCESS][0m Application (storage:/(storage: suspended
[0;34m[INFO][0m Updating kustomization for (storage:/(storage:...
[0;31m[ERROR][0m Kustomization file not found: kubernetes/apps/(storage:/(storage:/ks.yaml
[0;34m[INFO][0m Creating migration ReplicationDestination for (storage:/(storage:...
[0;32m[SUCCESS][0m Migration ReplicationDestination completed for (storage:/(storage:
[0;34m[INFO][0m Recreating PVC for (storage:/(storage:...
[0;32m[SUCCESS][0m PVC recreated for (storage:/(storage:
[0;34m[INFO][0m Force reconciling Flux resources for (storage:/(storage:...
[0;32m[SUCCESS][0m Flux resources reconciled for (storage:/(storage:
[0;34m[INFO][0m Resuming (storage:/(storage:...
[0;32m[SUCCESS][0m Application (storage:/(storage: resumed
[0;34m[INFO][0m Verifying (storage:/(storage: health...
[0;32m[SUCCESS][0m Migration completed for (storage:/(storage:
[0;32m[SUCCESS][0m ✅ (storage:/(storage: migration successful
[0;34m[INFO][0m Processing democratic-volsync-nfs)/democratic-volsync-nfs)...
[0;34m[INFO][0m Starting migration of democratic-volsync-nfs)/democratic-volsync-nfs)
[0;34m[INFO][0m Suspending democratic-volsync-nfs)/democratic-volsync-nfs)...
[0;32m[SUCCESS][0m Application democratic-volsync-nfs)/democratic-volsync-nfs) suspended
[0;34m[INFO][0m Updating kustomization for democratic-volsync-nfs)/democratic-volsync-nfs)...
[0;31m[ERROR][0m Kustomization file not found: kubernetes/apps/democratic-volsync-nfs)/democratic-volsync-nfs)/ks.yaml
[0;34m[INFO][0m Creating migration ReplicationDestination for democratic-volsync-nfs)/democratic-volsync-nfs)...
[0;32m[SUCCESS][0m Migration ReplicationDestination completed for democratic-volsync-nfs)/democratic-volsync-nfs)
[0;34m[INFO][0m Recreating PVC for democratic-volsync-nfs)/democratic-volsync-nfs)...
[0;32m[SUCCESS][0m PVC recreated for democratic-volsync-nfs)/democratic-volsync-nfs)
[0;34m[INFO][0m Force reconciling Flux resources for democratic-volsync-nfs)/democratic-volsync-nfs)...
[0;32m[SUCCESS][0m Flux resources reconciled for democratic-volsync-nfs)/democratic-volsync-nfs)
[0;34m[INFO][0m Resuming democratic-volsync-nfs)/democratic-volsync-nfs)...
[0;32m[SUCCESS][0m Application democratic-volsync-nfs)/democratic-volsync-nfs) resumed
[0;34m[INFO][0m Verifying democratic-volsync-nfs)/democratic-volsync-nfs) health...
[0;32m[SUCCESS][0m Migration completed for democratic-volsync-nfs)/democratic-volsync-nfs)
[0;32m[SUCCESS][0m ✅ democratic-volsync-nfs)/democratic-volsync-nfs) migration successful
[0;34m[INFO][0m Processing [0;34m[INFO][0m/[0;34m[INFO][0m...
[0;34m[INFO][0m Starting migration of [0;34m[INFO][0m/[0;34m[INFO][0m
[0;34m[INFO][0m Suspending [0;34m[INFO][0m/[0;34m[INFO][0m...
[0;32m[SUCCESS][0m Application [0;34m[INFO][0m/[0;34m[INFO][0m suspended
[0;34m[INFO][0m Updating kustomization for [0;34m[INFO][0m/[0;34m[INFO][0m...
[0;31m[ERROR][0m Kustomization file not found: kubernetes/apps/[0;34m[INFO][0m/[0;34m[INFO][0m/ks.yaml
[0;34m[INFO][0m Creating migration ReplicationDestination for [0;34m[INFO][0m/[0;34m[INFO][0m...
[0;32m[SUCCESS][0m Migration ReplicationDestination completed for [0;34m[INFO][0m/[0;34m[INFO][0m
[0;34m[INFO][0m Recreating PVC for [0;34m[INFO][0m/[0;34m[INFO][0m...
[0;32m[SUCCESS][0m PVC recreated for [0;34m[INFO][0m/[0;34m[INFO][0m
[0;34m[INFO][0m Force reconciling Flux resources for [0;34m[INFO][0m/[0;34m[INFO][0m...
[0;32m[SUCCESS][0m Flux resources reconciled for [0;34m[INFO][0m/[0;34m[INFO][0m
[0;34m[INFO][0m Resuming [0;34m[INFO][0m/[0;34m[INFO][0m...
[0;32m[SUCCESS][0m Application [0;34m[INFO][0m/[0;34m[INFO][0m resumed
[0;34m[INFO][0m Verifying [0;34m[INFO][0m/[0;34m[INFO][0m health...
[0;32m[SUCCESS][0m Migration completed for [0;34m[INFO][0m/[0;34m[INFO][0m
[0;32m[SUCCESS][0m ✅ [0;34m[INFO][0m/[0;34m[INFO][0m migration successful
[0;34m[INFO][0m Processing Found:/Found:...
[0;34m[INFO][0m Starting migration of Found:/Found:
[0;34m[INFO][0m Suspending Found:/Found:...
